app/build/intermediates/manifest_merge_blame_file/debug/manifest-merger-blame-debug-report.txt
1<?xml version="1.0" encoding="utf-8"?>
2<!-- 版权声明：该文件属于MiCode开源社区（www.micode.net） -->
3<!-- 许可协议：Apache 2.0，详情参见http://www.apache.org/licenses/LICENSE-2.0 -->
4<manifest xmlns:android="http://schemas.android.com/apk/res/android"
5    package="net.micode.notes"
6    android:versionCode="1"
7    android:versionName="0.1" > <!-- 使用的SDK版本 -->
8    <uses-sdk
8-->src\main\AndroidManifest.xml:11:5-44
9        android:minSdkVersion="21"
9-->src\main\AndroidManifest.xml:11:15-41
10        android:targetSdkVersion="21" />
10-->src\main\AndroidManifest.xml:11:5-44
11
12    <!-- 应用需要的权限 -->
13    <uses-permission android:name="android.permission.WRITE_EXTERNAL_STORAGE" />
13-->src\main\AndroidManifest.xml:14:5-81
13-->src\main\AndroidManifest.xml:14:22-78
14    <uses-permission android:name="com.android.launcher.permission.INSTALL_SHORTCUT" />
14-->src\main\AndroidManifest.xml:15:5-88
14-->src\main\AndroidManifest.xml:15:22-85
15    <uses-permission android:name="android.permission.INTERNET" />
15-->src\main\AndroidManifest.xml:16:5-67
15-->src\main\AndroidManifest.xml:16:22-64
16    <uses-permission android:name="android.permission.READ_CONTACTS" />
16-->src\main\AndroidManifest.xml:17:5-72
16-->src\main\AndroidManifest.xml:17:22-69
17    <uses-permission android:name="android.permission.MANAGE_ACCOUNTS" />
17-->src\main\AndroidManifest.xml:18:5-74
17-->src\main\AndroidManifest.xml:18:22-71
18    <uses-permission android:name="android.permission.AUTHENTICATE_ACCOUNTS" />
18-->src\main\AndroidManifest.xml:19:5-80
18-->src\main\AndroidManifest.xml:19:22-77
19    <uses-permission android:name="android.permission.GET_ACCOUNTS" />
19-->src\main\AndroidManifest.xml:20:5-71
19-->src\main\AndroidManifest.xml:20:22-68
20    <uses-permission android:name="android.permission.USE_CREDENTIALS" />
20-->src\main\AndroidManifest.xml:21:5-74
20-->src\main\AndroidManifest.xml:21:22-71
21    <uses-permission android:name="android.permission.RECEIVE_BOOT_COMPLETED" />
21-->src\main\AndroidManifest.xml:22:5-81
21-->src\main\AndroidManifest.xml:22:22-78
22    <!-- 应用程序定义 -->
23    <application
23-->src\main\AndroidManifest.xml:25:5-146:19
24        android:debuggable="true"
25        android:icon="@drawable/icon_app"
25-->src\main\AndroidManifest.xml:26:9-42
26        android:label="@string/app_name"
26-->src\main\AndroidManifest.xml:27:9-41
27        android:testOnly="true" >
28
29        <!-- 主Activity，启动器 -->
30        <activity
30-->src\main\AndroidManifest.xml:29:9-41:20
31            android:name="net.micode.notes.ui.NotesListActivity"
31-->src\main\AndroidManifest.xml:30:13-49
32            android:configChanges="keyboardHidden|orientation|screenSize"
32-->src\main\AndroidManifest.xml:31:13-74
33            android:label="@string/app_name"
33-->src\main\AndroidManifest.xml:32:13-45
34            android:launchMode="singleTop"
34-->src\main\AndroidManifest.xml:33:13-43
35            android:theme="@style/NoteTheme"
35-->src\main\AndroidManifest.xml:34:13-45
36            android:uiOptions="splitActionBarWhenNarrow"
36-->src\main\AndroidManifest.xml:35:13-57
37            android:windowSoftInputMode="adjustPan" >
37-->src\main\AndroidManifest.xml:36:13-52
38            <intent-filter>
38-->src\main\AndroidManifest.xml:37:13-40:29
39                <action android:name="android.intent.action.MAIN" />
39-->src\main\AndroidManifest.xml:38:17-69
39-->src\main\AndroidManifest.xml:38:25-66
40
41                <category android:name="android.intent.category.LAUNCHER" />
41-->src\main\AndroidManifest.xml:39:17-77
41-->src\main\AndroidManifest.xml:39:27-74
42            </intent-filter>
43        </activity>
44
45        <!-- 编辑笔记的Activity -->
46        <activity
46-->src\main\AndroidManifest.xml:44:9-76:20
47            android:name="net.micode.notes.ui.NoteEditActivity"
47-->src\main\AndroidManifest.xml:45:13-48
48            android:configChanges="keyboardHidden|orientation|screenSize"
48-->src\main\AndroidManifest.xml:46:13-74
49            android:launchMode="singleTop"
49-->src\main\AndroidManifest.xml:47:13-43
50            android:theme="@style/NoteTheme" >
50-->src\main\AndroidManifest.xml:48:13-45
51
52            <!-- 处理外部HTTP链接和编辑意图 -->
53            <intent-filter android:scheme="http" >
53-->src\main\AndroidManifest.xml:50:13-58:29
53-->src\main\AndroidManifest.xml:51:17-38
54                <action android:name="android.intent.action.VIEW" />
54-->src\main\AndroidManifest.xml:53:17-69
54-->src\main\AndroidManifest.xml:53:25-66
55
56                <category android:name="android.intent.category.DEFAULT" />
56-->src\main\AndroidManifest.xml:54:17-76
56-->src\main\AndroidManifest.xml:54:27-73
57
58                <data android:mimeType="vnd.android.cursor.item/text_note" />
58-->src\main\AndroidManifest.xml:56:17-78
58-->src\main\AndroidManifest.xml:56:23-75
59                <data android:mimeType="vnd.android.cursor.item/call_note" />
59-->src\main\AndroidManifest.xml:56:17-78
59-->src\main\AndroidManifest.xml:56:23-75
60            </intent-filter>
61            <!-- 处理插入或编辑意图 -->
62            <intent-filter>
62-->src\main\AndroidManifest.xml:60:13-66:29
63                <action android:name="android.intent.action.INSERT_OR_EDIT" />
63-->src\main\AndroidManifest.xml:61:17-79
63-->src\main\AndroidManifest.xml:61:25-76
64
65                <category android:name="android.intent.category.DEFAULT" />
65-->src\main\AndroidManifest.xml:54:17-76
65-->src\main\AndroidManifest.xml:54:27-73
66
67                <data android:mimeType="vnd.android.cursor.item/text_note" />
67-->src\main\AndroidManifest.xml:56:17-78
67-->src\main\AndroidManifest.xml:56:23-75
68                <data android:mimeType="vnd.android.cursor.item/call_note" />
68-->src\main\AndroidManifest.xml:56:17-78
68-->src\main\AndroidManifest.xml:56:23-75
69            </intent-filter>
70            <!-- 处理搜索意图 -->
71            <intent-filter>
71-->src\main\AndroidManifest.xml:68:13-71:29
72                <action android:name="android.intent.action.SEARCH" />
72-->src\main\AndroidManifest.xml:69:17-71
72-->src\main\AndroidManifest.xml:69:25-68
73
74                <category android:name="android.intent.category.DEFAULT" />
74-->src\main\AndroidManifest.xml:54:17-76
74-->src\main\AndroidManifest.xml:54:27-73
75            </intent-filter>
76            <!-- 搜索配置 -->
77            <meta-data
77-->src\main\AndroidManifest.xml:73:13-75:54
78                android:name="android.app.searchable"
78-->src\main\AndroidManifest.xml:74:17-54
79                android:resource="@xml/searchable" />
79-->src\main\AndroidManifest.xml:75:17-51
80        </activity>
81
82        <!-- 提供者：用于管理笔记数据 -->
83        <provider
83-->src\main\AndroidManifest.xml:79:9-82:43
84            android:name="net.micode.notes.data.NotesProvider"
84-->src\main\AndroidManifest.xml:80:13-63
85            android:authorities="micode_notes"
85-->src\main\AndroidManifest.xml:81:13-47
86            android:multiprocess="true" />
86-->src\main\AndroidManifest.xml:82:13-40
87
88        <!-- 小部件提供者：2x2尺寸 -->
89        <receiver
89-->src\main\AndroidManifest.xml:85:9-96:20
90            android:name="net.micode.notes.widget.NoteWidgetProvider_2x"
90-->src\main\AndroidManifest.xml:86:13-57
91            android:label="@string/app_widget2x2" >
91-->src\main\AndroidManifest.xml:87:13-50
92            <intent-filter>
92-->src\main\AndroidManifest.xml:88:13-92:29
93                <action android:name="android.appwidget.action.APPWIDGET_UPDATE" />
93-->src\main\AndroidManifest.xml:89:17-84
93-->src\main\AndroidManifest.xml:89:25-81
94                <action android:name="android.appwidget.action.APPWIDGET_DELETED" />
94-->src\main\AndroidManifest.xml:90:17-85
94-->src\main\AndroidManifest.xml:90:25-82
95                <action android:name="android.intent.action.PRIVACY_MODE_CHANGED" />
95-->src\main\AndroidManifest.xml:91:17-85
95-->src\main\AndroidManifest.xml:91:25-82
96            </intent-filter>
97
98            <meta-data
98-->src\main\AndroidManifest.xml:93:13-95:58
99                android:name="android.appwidget.provider"
99-->src\main\AndroidManifest.xml:94:17-58
100                android:resource="@xml/widget_2x_info" />
100-->src\main\AndroidManifest.xml:95:17-55
101        </receiver>
102        <!-- 小部件提供者：4x4尺寸 -->
103        <receiver
103-->src\main\AndroidManifest.xml:98:9-109:20
104            android:name="net.micode.notes.widget.NoteWidgetProvider_4x"
104-->src\main\AndroidManifest.xml:99:13-57
105            android:label="@string/app_widget4x4" >
105-->src\main\AndroidManifest.xml:100:13-50
106            <intent-filter>
106-->src\main\AndroidManifest.xml:88:13-92:29
107                <action android:name="android.appwidget.action.APPWIDGET_UPDATE" />
107-->src\main\AndroidManifest.xml:89:17-84
107-->src\main\AndroidManifest.xml:89:25-81
108                <action android:name="android.appwidget.action.APPWIDGET_DELETED" />
108-->src\main\AndroidManifest.xml:90:17-85
108-->src\main\AndroidManifest.xml:90:25-82
109                <action android:name="android.intent.action.PRIVACY_MODE_CHANGED" />
109-->src\main\AndroidManifest.xml:91:17-85
109-->src\main\AndroidManifest.xml:91:25-82
110            </intent-filter>
111
112            <meta-data
112-->src\main\AndroidManifest.xml:93:13-95:58
113                android:name="android.appwidget.provider"
113-->src\main\AndroidManifest.xml:94:17-58
114                android:resource="@xml/widget_4x_info" />
114-->src\main\AndroidManifest.xml:95:17-55
115        </receiver>
116
117        <!-- 启动完成时初始化闹钟 -->
118        <receiver android:name="net.micode.notes.ui.AlarmInitReceiver" >
118-->src\main\AndroidManifest.xml:112:9-116:20
118-->src\main\AndroidManifest.xml:112:19-55
119            <intent-filter>
119-->src\main\AndroidManifest.xml:113:13-115:29
120                <action android:name="android.intent.action.BOOT_COMPLETED" />
120-->src\main\AndroidManifest.xml:114:17-79
120-->src\main\AndroidManifest.xml:114:25-76
121            </intent-filter>
122        </receiver>
123
124        <!-- 闹钟接收器：运行在远程进程中 -->
125        <receiver
125-->src\main\AndroidManifest.xml:119:9-121:50
126            android:name="net.micode.notes.ui.AlarmReceiver"
126-->src\main\AndroidManifest.xml:120:13-61
127            android:process=":remote" />
127-->src\main\AndroidManifest.xml:121:13-38
128
129        <!-- 闹钟提醒Activity -->
130        <activity
130-->src\main\AndroidManifest.xml:124:9-128:87
131            android:name="net.micode.notes.ui.AlarmAlertActivity"
131-->src\main\AndroidManifest.xml:125:13-50
132            android:label="@string/app_name"
132-->src\main\AndroidManifest.xml:126:13-45
133            android:launchMode="singleInstance"
133-->src\main\AndroidManifest.xml:127:13-48
134            android:theme="@android:style/Theme.Holo.Wallpaper.NoTitleBar" />
134-->src\main\AndroidManifest.xml:128:13-75
135
136        <!-- 设置Activity -->
137        <activity
137-->src\main\AndroidManifest.xml:131:9-135:72
138            android:name="net.micode.notes.ui.NotesPreferenceActivity"
138-->src\main\AndroidManifest.xml:132:13-71
139            android:label="@string/preferences_title"
139-->src\main\AndroidManifest.xml:133:13-54
140            android:launchMode="singleTop"
140-->src\main\AndroidManifest.xml:134:13-43
141            android:theme="@android:style/Theme.Holo.Light" />
141-->src\main\AndroidManifest.xml:135:13-60
142
143        <!-- 任务同步服务 -->
144        <service
144-->src\main\AndroidManifest.xml:138:9-140:48
145            android:name="net.micode.notes.gtask.remote.GTaskSyncService"
145-->src\main\AndroidManifest.xml:139:13-74
146            android:exported="false" />
146-->src\main\AndroidManifest.xml:140:13-37
147
148        <!-- 默认搜索设置 -->
149        <meta-data
149-->src\main\AndroidManifest.xml:143:9-145:52
150            android:name="android.app.default_searchable"
150-->src\main\AndroidManifest.xml:144:13-58
151            android:value=".ui.NoteEditActivity" />
151-->src\main\AndroidManifest.xml:145:13-49
152    </application>
153
154</manifest>